<?xml version="1.0" encoding="UTF-8"?>
<!-- Generated by org.testng.reporters.JUnitXMLReporter -->
<testsuite hostname="NARENDRA" ignored="4" name="car loan" tests="1" failures="0" timestamp="2020-07-13T17:28:51 IST" time="0.105" errors="0">
  <testcase name="WebloginCarLoan" time="0.037" classname="test.Day3"/>
  <testcase name="MobileloginCarLoan" time="0.0" classname="test.Day3">
    <ignored/>
  </testcase> <!-- MobileloginCarLoan -->
  <testcase name="MobilesignoutCarLoan" time="0.0" classname="test.Day3">
    <ignored/>
  </testcase> <!-- MobilesignoutCarLoan -->
  <testcase name="MobilesignoutSuccessCarLoan" time="0.0" classname="test.Day3">
    <ignored/>
  </testcase> <!-- MobilesignoutSuccessCarLoan -->
  <testcase name="MobilepayCarLoan" time="0.0" classname="test.Day3">
    <ignored/>
  </testcase> <!-- MobilepayCarLoan -->
</testsuite> <!-- car loan -->
