<?xml version="1.0" encoding="UTF-8"?>
<!-- Generated by org.testng.reporters.JUnitXMLReporter -->
<testsuite hostname="NARENDRA" ignored="0" name="personal load" tests="5" failures="0" timestamp="2020-06-29T09:01:55 IST" time="0.173" errors="0">
  <testcase name="FirstTest" time="0.016" classname="test.Day1"/>
  <testcase name="SecondTest" time="0.0" classname="test.Day1"/>
  <testcase name="FirstTest" time="0.0" classname="test.Day2"/>
  <testcase name="MobileloginHomeLoan" time="0.0" classname="test.Day4"/>
  <testcase name="WebloginHomeLoan" time="0.016" classname="test.Day4"/>
</testsuite> <!-- personal load -->
